<?xml version="1.0" encoding="UTF-8"?>
<testsuite name="Add Customer Test"
           tests="4"
           failures="0"
           errors="0"
           skipped="1"
           time="13,536">
  <properties />
  
            <testcase name="addCustomerTest" time="0.0" classname="com.ddf.testcases.AddCustomerTest">
          <skipped />
    </testcase>
  
            <testcase name="addCustomerTest" time="4,348" classname="com.ddf.testcases.AddCustomerTest" />
                <testcase name="addCustomerTest" time="4,836" classname="com.ddf.testcases.AddCustomerTest" />
                <testcase name="addCustomerTest" time="4,350" classname="com.ddf.testcases.AddCustomerTest" />
      
</testsuite>
