<?xml version="1.0" encoding="UTF-8"?>
<testng-results ignored="0" total="6" passed="5" failed="0" skipped="1">
  <reporter-output>
    <line>
      <![CDATA[<br>Verification failure : expected [abc] but found [xyz]<br>]]>
    </line>
    <line>
      <![CDATA[<a target="_blank" href=Tue_Oct_19_18_06_28_CEST_2021.jpg><img src=Tue_Oct_19_18_06_28_CEST_2021.jpg height=200 width=200></img></a>]]>
    </line>
    <line>
      <![CDATA[<br>]]>
    </line>
    <line>
      <![CDATA[<br>]]>
    </line>
  </reporter-output>
  <suite started-at="2021-10-19T16:06:28Z" name="Data Driven Basics" finished-at="2021-10-19T16:06:49Z" duration-ms="21145">
    <groups>
    </groups>
    <test started-at="2021-10-19T16:06:28Z" name="Bank Manager Login Test" finished-at="2021-10-19T16:06:32Z" duration-ms="3799">
      <class name="com.ddf.testcases.BankManagerLoginTest">
        <test-method signature="bankManagerLoginTest()[pri:0, instance:com.ddf.testcases.BankManagerLoginTest@b5cc23a]" started-at="2021-10-19T16:06:28Z" name="bankManagerLoginTest" finished-at="2021-10-19T16:06:32Z" duration-ms="3777" status="PASS">
          <reporter-output>
            <line>
              <![CDATA[<br>Verification failure : expected [abc] but found [xyz]<br>]]>
            </line>
            <line>
              <![CDATA[<a target="_blank" href=Tue_Oct_19_18_06_28_CEST_2021.jpg><img src=Tue_Oct_19_18_06_28_CEST_2021.jpg height=200 width=200></img></a>]]>
            </line>
            <line>
              <![CDATA[<br>]]>
            </line>
            <line>
              <![CDATA[<br>]]>
            </line>
          </reporter-output>
        </test-method> <!-- bankManagerLoginTest -->
      </class> <!-- com.ddf.testcases.BankManagerLoginTest -->
    </test> <!-- Bank Manager Login Test -->
    <test started-at="2021-10-19T16:06:32Z" name="Add Customer Test" finished-at="2021-10-19T16:06:46Z" duration-ms="13574">
      <class name="com.ddf.testcases.AddCustomerTest">
        <test-method signature="addCustomerTest(java.util.Hashtable)[pri:0, instance:com.ddf.testcases.AddCustomerTest@617fe9e1]" started-at="2021-10-19T16:06:32Z" name="addCustomerTest" data-provider="dp" finished-at="2021-10-19T16:06:37Z" duration-ms="4836" status="PASS">
          <params>
            <param index="0">
              <value>
                <![CDATA[{alerttext=Customer added successfully, postcode=A234wd, lastname=Arora, runmode=Y, firstname=Raman}]]>
              </value>
            </param>
          </params>
          <reporter-output>
          </reporter-output>
        </test-method> <!-- addCustomerTest -->
        <test-method signature="addCustomerTest(java.util.Hashtable)[pri:0, instance:com.ddf.testcases.AddCustomerTest@617fe9e1]" started-at="2021-10-19T16:06:37Z" name="addCustomerTest" data-provider="dp" finished-at="2021-10-19T16:06:37Z" duration-ms="2" status="SKIP">
          <params>
            <param index="0">
              <value>
                <![CDATA[{alerttext=Customer added successfully, postcode=A234wd, lastname=Arora, runmode=N, firstname=Rahul}]]>
              </value>
            </param>
          </params>
          <exception class="org.testng.SkipException">
            <message>
              <![CDATA[Skipping the test case as the Run mode for data set is NO]]>
            </message>
            <full-stacktrace>
              <![CDATA[org.testng.SkipException: Skipping the test case as the Run mode for data set is NO
at com.ddf.testcases.AddCustomerTest.addCustomerTest(AddCustomerTest.java:21)
at java.base/jdk.internal.reflect.NativeMethodAccessorImpl.invoke0(Native Method)
at java.base/jdk.internal.reflect.NativeMethodAccessorImpl.invoke(NativeMethodAccessorImpl.java:78)
at java.base/jdk.internal.reflect.DelegatingMethodAccessorImpl.invoke(DelegatingMethodAccessorImpl.java:43)
at java.base/java.lang.reflect.Method.invoke(Method.java:567)
at org.testng.internal.MethodInvocationHelper.invokeMethod(MethodInvocationHelper.java:124)
at org.testng.internal.Invoker.invokeMethod(Invoker.java:583)
at org.testng.internal.Invoker.invokeTestMethod(Invoker.java:719)
at org.testng.internal.Invoker.invokeTestMethods(Invoker.java:989)
at org.testng.internal.TestMethodWorker.invokeTestMethods(TestMethodWorker.java:125)
at org.testng.internal.TestMethodWorker.run(TestMethodWorker.java:109)
at org.testng.TestRunner.privateRun(TestRunner.java:648)
at org.testng.TestRunner.run(TestRunner.java:505)
at org.testng.SuiteRunner.runTest(SuiteRunner.java:455)
at org.testng.SuiteRunner.runSequentially(SuiteRunner.java:450)
at org.testng.SuiteRunner.privateRun(SuiteRunner.java:415)
at org.testng.SuiteRunner.run(SuiteRunner.java:364)
at org.testng.SuiteRunnerWorker.runSuite(SuiteRunnerWorker.java:52)
at org.testng.SuiteRunnerWorker.run(SuiteRunnerWorker.java:84)
at org.testng.TestNG.runSuitesSequentially(TestNG.java:1208)
at org.testng.TestNG.runSuitesLocally(TestNG.java:1137)
at org.testng.TestNG.runSuites(TestNG.java:1049)
at org.testng.TestNG.run(TestNG.java:1017)
at org.testng.remote.AbstractRemoteTestNG.run(AbstractRemoteTestNG.java:115)
at org.testng.remote.RemoteTestNG.initAndRun(RemoteTestNG.java:251)
at org.testng.remote.RemoteTestNG.main(RemoteTestNG.java:77)
]]>
            </full-stacktrace>
          </exception> <!-- org.testng.SkipException -->
          <reporter-output>
          </reporter-output>
        </test-method> <!-- addCustomerTest -->
        <test-method signature="addCustomerTest(java.util.Hashtable)[pri:0, instance:com.ddf.testcases.AddCustomerTest@617fe9e1]" started-at="2021-10-19T16:06:37Z" name="addCustomerTest" data-provider="dp" finished-at="2021-10-19T16:06:41Z" duration-ms="4350" status="PASS">
          <params>
            <param index="0">
              <value>
                <![CDATA[{alerttext=Customer added successfully, postcode=A234wd, lastname=Arora, runmode=Y, firstname=Ishita}]]>
              </value>
            </param>
          </params>
          <reporter-output>
          </reporter-output>
        </test-method> <!-- addCustomerTest -->
        <test-method signature="addCustomerTest(java.util.Hashtable)[pri:0, instance:com.ddf.testcases.AddCustomerTest@617fe9e1]" started-at="2021-10-19T16:06:41Z" name="addCustomerTest" data-provider="dp" finished-at="2021-10-19T16:06:46Z" duration-ms="4348" status="PASS">
          <params>
            <param index="0">
              <value>
                <![CDATA[{alerttext=Customer added successfully, postcode=A234wd, lastname=Sehgal, runmode=Y, firstname=Rohit}]]>
              </value>
            </param>
          </params>
          <reporter-output>
          </reporter-output>
        </test-method> <!-- addCustomerTest -->
      </class> <!-- com.ddf.testcases.AddCustomerTest -->
    </test> <!-- Add Customer Test -->
    <test started-at="2021-10-19T16:06:46Z" name="Open Account Test" finished-at="2021-10-19T16:06:49Z" duration-ms="3010">
      <class name="com.ddf.testcases.OpenAccountTest">
        <test-method is-config="true" signature="setUp()[pri:0, instance:com.ddf.testcases.OpenAccountTest@7e1a1da6]" started-at="2021-10-19T16:06:22Z" name="setUp" finished-at="2021-10-19T16:06:28Z" duration-ms="5434" status="PASS">
          <reporter-output>
          </reporter-output>
        </test-method> <!-- setUp -->
        <test-method signature="openAccountTest(java.util.Hashtable)[pri:0, instance:com.ddf.testcases.OpenAccountTest@7e1a1da6]" started-at="2021-10-19T16:06:46Z" name="openAccountTest" data-provider="dp" finished-at="2021-10-19T16:06:49Z" duration-ms="2997" status="PASS">
          <params>
            <param index="0">
              <value>
                <![CDATA[{currency=Rupee, customer=Raman Arora}]]>
              </value>
            </param>
          </params>
          <reporter-output>
          </reporter-output>
        </test-method> <!-- openAccountTest -->
        <test-method is-config="true" signature="tearDown()[pri:0, instance:com.ddf.testcases.OpenAccountTest@7e1a1da6]" started-at="2021-10-19T16:06:49Z" name="tearDown" finished-at="2021-10-19T16:06:49Z" duration-ms="338" status="PASS">
          <reporter-output>
          </reporter-output>
        </test-method> <!-- tearDown -->
      </class> <!-- com.ddf.testcases.OpenAccountTest -->
    </test> <!-- Open Account Test -->
  </suite> <!-- Data Driven Basics -->
</testng-results>
