<?xml version="1.0" encoding="UTF-8"?>
<!-- Generated by org.testng.reporters.JUnitXMLReporter -->
<testsuite ignored="0" hostname="DESKTOP-TOGF6KB" failures="0" tests="8" name="Test" time="108.448" errors="0" timestamp="15 Nov 2021 10:32:35 GMT">
  <testcase classname="com.mexx.testcases.UiTap" name="ajaxData" time="16.089"/>
  <testcase classname="com.mexx.testcases.UiTap" name="classAttribute" time="6.552"/>
  <testcase classname="com.mexx.testcases.UiTap" name="dynamicTable" time="0.579"/>
  <testcase classname="com.mexx.testcases.UiTap" name="hiddenLayer" time="0.589"/>
  <testcase classname="com.mexx.testcases.UiTap" name="nonBreakingSpace" time="10.464"/>
  <testcase classname="com.mexx.testcases.UiTap" name="progressBar" time="17.776"/>
  <testcase classname="com.mexx.testcases.UiTap" name="scrollBars" time="0.652"/>
  <testcase classname="com.mexx.testcases.UiTap" name="visibility" time="10.88"/>
</testsuite> <!-- Test -->
