<?xml version="1.0" encoding="UTF-8"?>
<!-- Generated by org.testng.reporters.JUnitXMLReporter -->
<testsuite ignored="0" hostname="DESKTOP-TOGF6KB" failures="0" tests="8" name="Test" time="106.754" errors="0" timestamp="15 Nov 2021 00:39:25 GMT">
  <testcase classname="com.mexx.testcases.UiTap" name="ajaxData" time="15.687"/>
  <testcase classname="com.mexx.testcases.UiTap" name="classAttribute" time="6.604"/>
  <testcase classname="com.mexx.testcases.UiTap" name="dynamicTable" time="0.549"/>
  <testcase classname="com.mexx.testcases.UiTap" name="hiddenLayer" time="0.633"/>
  <testcase classname="com.mexx.testcases.UiTap" name="nonBreakingSpace" time="10.566"/>
  <testcase classname="com.mexx.testcases.UiTap" name="progressBar" time="25.497"/>
  <testcase classname="com.mexx.testcases.UiTap" name="scrollBars" time="0.545"/>
  <testcase classname="com.mexx.testcases.UiTap" name="visibility" time="10.828"/>
</testsuite> <!-- Test -->
