<?xml version="1.0" encoding="UTF-8"?>
<testsuite name="Test"
           tests="8"
           failures="0"
           errors="0"
           skipped="0"
           time="70,909">
  <properties />
  
  
            <testcase name="ajaxData" time="15,687" classname="com.mexx.testcases.UiTap" />
                <testcase name="dynamicTable" time="0,549" classname="com.mexx.testcases.UiTap" />
                <testcase name="classAttribute" time="6,604" classname="com.mexx.testcases.UiTap" />
                <testcase name="scrollBars" time="0,545" classname="com.mexx.testcases.UiTap" />
                <testcase name="progressBar" time="25,497" classname="com.mexx.testcases.UiTap" />
                <testcase name="hiddenLayer" time="0,633" classname="com.mexx.testcases.UiTap" />
                <testcase name="nonBreakingSpace" time="10,566" classname="com.mexx.testcases.UiTap" />
                <testcase name="visibility" time="10,828" classname="com.mexx.testcases.UiTap" />
      
</testsuite>
