<?xml version="1.0" encoding="UTF-8"?>
<!-- Generated by org.testng.reporters.JUnitXMLReporter -->
<testsuite ignored="0" hostname="DESKTOP-TOGF6KB" failures="0" tests="4" name="Add Customer Test" time="13.574" errors="0" timestamp="19 Oct 2021 16:06:46 GMT">
  <testcase classname="com.ddf.testcases.AddCustomerTest" name="addCustomerTest" time="4.836"/>
  <testcase classname="com.ddf.testcases.AddCustomerTest" name="addCustomerTest" time="0.002">
    <skipped/>
  </testcase> <!-- addCustomerTest -->
  <testcase classname="com.ddf.testcases.AddCustomerTest" name="addCustomerTest" time="4.35"/>
  <testcase classname="com.ddf.testcases.AddCustomerTest" name="addCustomerTest" time="4.348"/>
</testsuite> <!-- Add Customer Test -->
