<?xml version="1.0" encoding="UTF-8"?>
<testng-results ignored="0" total="8" passed="8" failed="0" skipped="0">
  <reporter-output>
  </reporter-output>
  <suite started-at="2021-11-15T10:30:46Z" name="Mexxon Assignment" finished-at="2021-11-15T10:32:35Z" duration-ms="108448">
    <groups>
    </groups>
    <test started-at="2021-11-15T10:30:46Z" name="Test" finished-at="2021-11-15T10:32:35Z" duration-ms="108448">
      <class name="com.mexx.testcases.UiTap">
        <test-method is-config="true" signature="setUp()[pri:0, instance:com.mexx.testcases.UiTap@3fc9dfc5]" started-at="2021-11-15T10:30:46Z" name="setUp" finished-at="2021-11-15T10:30:56Z" duration-ms="9769" status="PASS">
          <reporter-output>
          </reporter-output>
        </test-method> <!-- setUp -->
        <test-method signature="ajaxData()[pri:0, instance:com.mexx.testcases.UiTap@3fc9dfc5]" started-at="2021-11-15T10:30:56Z" name="ajaxData" finished-at="2021-11-15T10:31:12Z" duration-ms="16089" status="PASS">
          <reporter-output>
          </reporter-output>
        </test-method> <!-- ajaxData -->
        <test-method is-config="true" signature="tearDown()[pri:0, instance:com.mexx.testcases.UiTap@3fc9dfc5]" started-at="2021-11-15T10:31:12Z" name="tearDown" finished-at="2021-11-15T10:31:13Z" duration-ms="591" status="PASS">
          <reporter-output>
          </reporter-output>
        </test-method> <!-- tearDown -->
        <test-method is-config="true" signature="setUp()[pri:0, instance:com.mexx.testcases.UiTap@3fc9dfc5]" started-at="2021-11-15T10:31:13Z" name="setUp" finished-at="2021-11-15T10:31:20Z" duration-ms="7359" status="PASS">
          <reporter-output>
          </reporter-output>
        </test-method> <!-- setUp -->
        <test-method signature="classAttribute()[pri:0, instance:com.mexx.testcases.UiTap@3fc9dfc5]" started-at="2021-11-15T10:31:20Z" name="classAttribute" finished-at="2021-11-15T10:31:27Z" duration-ms="6552" status="PASS">
          <reporter-output>
          </reporter-output>
        </test-method> <!-- classAttribute -->
        <test-method is-config="true" signature="tearDown()[pri:0, instance:com.mexx.testcases.UiTap@3fc9dfc5]" started-at="2021-11-15T10:31:27Z" name="tearDown" finished-at="2021-11-15T10:31:27Z" duration-ms="251" status="PASS">
          <reporter-output>
          </reporter-output>
        </test-method> <!-- tearDown -->
        <test-method is-config="true" signature="setUp()[pri:0, instance:com.mexx.testcases.UiTap@3fc9dfc5]" started-at="2021-11-15T10:31:27Z" name="setUp" finished-at="2021-11-15T10:31:31Z" duration-ms="4071" status="PASS">
          <reporter-output>
          </reporter-output>
        </test-method> <!-- setUp -->
        <test-method signature="dynamicTable()[pri:0, instance:com.mexx.testcases.UiTap@3fc9dfc5]" started-at="2021-11-15T10:31:31Z" name="dynamicTable" finished-at="2021-11-15T10:31:32Z" duration-ms="579" status="PASS">
          <reporter-output>
          </reporter-output>
        </test-method> <!-- dynamicTable -->
        <test-method is-config="true" signature="tearDown()[pri:0, instance:com.mexx.testcases.UiTap@3fc9dfc5]" started-at="2021-11-15T10:31:32Z" name="tearDown" finished-at="2021-11-15T10:31:32Z" duration-ms="264" status="PASS">
          <reporter-output>
          </reporter-output>
        </test-method> <!-- tearDown -->
        <test-method is-config="true" signature="setUp()[pri:0, instance:com.mexx.testcases.UiTap@3fc9dfc5]" started-at="2021-11-15T10:31:32Z" name="setUp" finished-at="2021-11-15T10:31:36Z" duration-ms="4108" status="PASS">
          <reporter-output>
          </reporter-output>
        </test-method> <!-- setUp -->
        <test-method signature="hiddenLayer()[pri:0, instance:com.mexx.testcases.UiTap@3fc9dfc5]" started-at="2021-11-15T10:31:36Z" name="hiddenLayer" finished-at="2021-11-15T10:31:37Z" duration-ms="589" status="PASS">
          <reporter-output>
          </reporter-output>
        </test-method> <!-- hiddenLayer -->
        <test-method is-config="true" signature="tearDown()[pri:0, instance:com.mexx.testcases.UiTap@3fc9dfc5]" started-at="2021-11-15T10:31:37Z" name="tearDown" finished-at="2021-11-15T10:31:37Z" duration-ms="274" status="PASS">
          <reporter-output>
          </reporter-output>
        </test-method> <!-- tearDown -->
        <test-method is-config="true" signature="setUp()[pri:0, instance:com.mexx.testcases.UiTap@3fc9dfc5]" started-at="2021-11-15T10:31:37Z" name="setUp" finished-at="2021-11-15T10:31:40Z" duration-ms="3403" status="PASS">
          <reporter-output>
          </reporter-output>
        </test-method> <!-- setUp -->
        <test-method signature="nonBreakingSpace()[pri:0, instance:com.mexx.testcases.UiTap@3fc9dfc5]" started-at="2021-11-15T10:31:40Z" name="nonBreakingSpace" finished-at="2021-11-15T10:31:51Z" duration-ms="10464" status="PASS">
          <reporter-output>
          </reporter-output>
        </test-method> <!-- nonBreakingSpace -->
        <test-method is-config="true" signature="tearDown()[pri:0, instance:com.mexx.testcases.UiTap@3fc9dfc5]" started-at="2021-11-15T10:31:51Z" name="tearDown" finished-at="2021-11-15T10:31:51Z" duration-ms="213" status="PASS">
          <reporter-output>
          </reporter-output>
        </test-method> <!-- tearDown -->
        <test-method is-config="true" signature="setUp()[pri:0, instance:com.mexx.testcases.UiTap@3fc9dfc5]" started-at="2021-11-15T10:31:51Z" name="setUp" finished-at="2021-11-15T10:31:56Z" duration-ms="4785" status="PASS">
          <reporter-output>
          </reporter-output>
        </test-method> <!-- setUp -->
        <test-method signature="progressBar()[pri:0, instance:com.mexx.testcases.UiTap@3fc9dfc5]" started-at="2021-11-15T10:31:56Z" name="progressBar" finished-at="2021-11-15T10:32:13Z" duration-ms="17776" status="PASS">
          <reporter-output>
          </reporter-output>
        </test-method> <!-- progressBar -->
        <test-method is-config="true" signature="tearDown()[pri:0, instance:com.mexx.testcases.UiTap@3fc9dfc5]" started-at="2021-11-15T10:32:13Z" name="tearDown" finished-at="2021-11-15T10:32:14Z" duration-ms="218" status="PASS">
          <reporter-output>
          </reporter-output>
        </test-method> <!-- tearDown -->
        <test-method is-config="true" signature="setUp()[pri:0, instance:com.mexx.testcases.UiTap@3fc9dfc5]" started-at="2021-11-15T10:32:14Z" name="setUp" finished-at="2021-11-15T10:32:18Z" duration-ms="4083" status="PASS">
          <reporter-output>
          </reporter-output>
        </test-method> <!-- setUp -->
        <test-method signature="scrollBars()[pri:0, instance:com.mexx.testcases.UiTap@3fc9dfc5]" started-at="2021-11-15T10:32:18Z" name="scrollBars" finished-at="2021-11-15T10:32:18Z" duration-ms="652" status="PASS">
          <reporter-output>
          </reporter-output>
        </test-method> <!-- scrollBars -->
        <test-method is-config="true" signature="tearDown()[pri:0, instance:com.mexx.testcases.UiTap@3fc9dfc5]" started-at="2021-11-15T10:32:18Z" name="tearDown" finished-at="2021-11-15T10:32:19Z" duration-ms="198" status="PASS">
          <reporter-output>
          </reporter-output>
        </test-method> <!-- tearDown -->
        <test-method is-config="true" signature="setUp()[pri:0, instance:com.mexx.testcases.UiTap@3fc9dfc5]" started-at="2021-11-15T10:32:19Z" name="setUp" finished-at="2021-11-15T10:32:24Z" duration-ms="4927" status="PASS">
          <reporter-output>
          </reporter-output>
        </test-method> <!-- setUp -->
        <test-method signature="visibility()[pri:0, instance:com.mexx.testcases.UiTap@3fc9dfc5]" started-at="2021-11-15T10:32:24Z" name="visibility" finished-at="2021-11-15T10:32:34Z" duration-ms="10880" status="PASS">
          <reporter-output>
          </reporter-output>
        </test-method> <!-- visibility -->
        <test-method is-config="true" signature="tearDown()[pri:0, instance:com.mexx.testcases.UiTap@3fc9dfc5]" started-at="2021-11-15T10:32:34Z" name="tearDown" finished-at="2021-11-15T10:32:35Z" duration-ms="202" status="PASS">
          <reporter-output>
          </reporter-output>
        </test-method> <!-- tearDown -->
      </class> <!-- com.mexx.testcases.UiTap -->
    </test> <!-- Test -->
  </suite> <!-- Mexxon Assignment -->
</testng-results>
