<?xml version="1.0" encoding="UTF-8"?>
<testng-results ignored="6" total="7" passed="1" failed="0" skipped="0">
  <reporter-output>
  </reporter-output>
  <suite started-at="2021-11-14T20:09:59Z" name="Default suite" finished-at="2021-11-14T20:11:05Z" duration-ms="66599">
    <groups>
    </groups>
    <test started-at="2021-11-14T20:09:59Z" name="Default test" finished-at="2021-11-14T20:11:05Z" duration-ms="66599">
      <class name="com.mexx.testcases.UiTap">
        <test-method is-config="true" signature="setUp()[pri:0, instance:com.mexx.testcases.UiTap@71e9ebae]" started-at="2021-11-14T20:09:59Z" name="setUp" finished-at="2021-11-14T20:10:04Z" duration-ms="4702" status="PASS">
          <reporter-output>
          </reporter-output>
        </test-method> <!-- setUp -->
        <test-method signature="progressBar()[pri:0, instance:com.mexx.testcases.UiTap@71e9ebae]" started-at="2021-11-14T20:10:04Z" name="progressBar" finished-at="2021-11-14T20:11:05Z" duration-ms="61454" status="PASS">
          <reporter-output>
          </reporter-output>
        </test-method> <!-- progressBar -->
        <test-method is-config="true" signature="tearDown()[pri:0, instance:com.mexx.testcases.UiTap@71e9ebae]" started-at="2021-11-14T20:11:05Z" name="tearDown" finished-at="2021-11-14T20:11:05Z" duration-ms="416" status="PASS">
          <reporter-output>
          </reporter-output>
        </test-method> <!-- tearDown -->
      </class> <!-- com.mexx.testcases.UiTap -->
    </test> <!-- Default test -->
  </suite> <!-- Default suite -->
</testng-results>
