<?xml version="1.0" encoding="UTF-8"?>
<!-- Generated by org.testng.reporters.JUnitXMLReporter -->
<testsuite ignored="6" hostname="DESKTOP-TOGF6KB" failures="0" tests="1" name="Default test" time="66.599" errors="0" timestamp="14 Nov 2021 20:11:05 GMT">
  <testcase classname="com.mexx.testcases.UiTap" name="progressBar" time="61.454"/>
  <testcase classname="com.mexx.testcases.UiTap" name="ajaxData" time="0.0">
    <ignored/>
  </testcase> <!-- ajaxData -->
  <testcase classname="com.mexx.testcases.UiTap" name="scrollBars" time="0.0">
    <ignored/>
  </testcase> <!-- scrollBars -->
  <testcase classname="com.mexx.testcases.UiTap" name="visibility" time="0.0">
    <ignored/>
  </testcase> <!-- visibility -->
  <testcase classname="com.mexx.testcases.UiTap" name="nonBreakingSpace" time="0.0">
    <ignored/>
  </testcase> <!-- nonBreakingSpace -->
  <testcase classname="com.mexx.testcases.UiTap" name="classAttribute" time="0.0">
    <ignored/>
  </testcase> <!-- classAttribute -->
  <testcase classname="com.mexx.testcases.UiTap" name="dynamicTable" time="0.0">
    <ignored/>
  </testcase> <!-- dynamicTable -->
</testsuite> <!-- Default test -->
